{"numTotalTestSuites":40,"numPassedTestSuites":40,"numFailedTestSuites":0,"numPendingTestSuites":0,"numTotalTests":135,"numPassedTests":135,"numFailedTests":0,"numPendingTests":0,"numTodoTests":0,"snapshot":{"added":0,"failure":false,"filesAdded":0,"filesRemoved":0,"filesRemovedList":[],"filesUnmatched":0,"filesUpdated":0,"matched":0,"total":0,"unchecked":0,"uncheckedKeysByFile":[],"unmatched":0,"updated":0,"didUpdate":false},"startTime":1786888581137,"success":true,"testResults":[{"assertionResults":[{"ancestorTitles":["ComparisonClient incremental results"],"fullName":"ComparisonClient incremental results keeps earlier offers, deduplicates repeated provider/id pairs, and retains results after degradation","status":"passed","title":"keeps earlier offers, deduplicates repeated provider/id pairs, and retains results after degradation","duration":323.6929999999993,"failureMessages":[],"meta":{},"tags":[]},{"ancestorTitles":["ComparisonClient incremental results"],"fullName":"ComparisonClient incremental results sorts, opens filters and price calendar, and changes the active product tab","status":"passed","title":"sorts, opens filters and price calendar, and changes the active product tab","duration":600.926099999997,"failureMessages":[],"meta":{},"tags":[]},{"ancestorTitles":["ComparisonClient incremental results"],"fullName":"ComparisonClient incremental results expands conditions, favorites, toggles alerts, and limits comparison selection to three","status":"passed","title":"expands conditions, favorites, toggles alerts, and limits comparison selection to three","duration":552.5290000000023,"failureMessages":[],"meta":{},"tags":[]},{"ancestorTitles":["ComparisonClient incremental results"],"fullName":"ComparisonClient incremental results requires an explicit sandbox confirmation and never presents booking or payment as completed","status":"passed","title":"requires an explicit sandbox confirmation and never presents booking or payment as completed","duration":151.5593000000008,"failureMessages":[],"meta":{},"tags":[]},{"ancestorTitles":["ComparisonClient incremental results"],"fullName":"ComparisonClient incremental results shows a stable empty result after a zero-offer stream completes","status":"passed","title":"shows a stable empty result after a zero-offer stream completes","duration":26.234000000004016,"failureMessages":[],"meta":{},"tags":[]},{"ancestorTitles":["ComparisonClient incremental results"],"fullName":"ComparisonClient incremental results filters real rows by refundability, included benefit, and verified supplier","status":"passed","title":"filters real rows by refundability, included benefit, and verified supplier","duration":383.42409999999654,"failureMessages":[],"meta":{},"tags":[]},{"ancestorTitles":["ComparisonClient incremental results"],"fullName":"ComparisonClient incremental results keeps favorites and compare selection independent for providers sharing a local id","status":"passed","title":"keeps favorites and compare selection independent for providers sharing a local id","duration":206.88880000000063,"failureMessages":[],"meta":{},"tags":[]},{"ancestorTitles":["ComparisonClient incremental results"],"fullName":"ComparisonClient incremental results keeps delimiter-bearing provider and id pairs independent across all client state","status":"passed","title":"keeps delimiter-bearing provider and id pairs independent across all client state","duration":243.02240000000165,"failureMessages":[],"meta":{},"tags":[]},{"ancestorTitles":["ComparisonClient incremental results"],"fullName":"ComparisonClient incremental results opens a real accessible comparison table for selected offers and closes it","status":"passed","title":"opens a real accessible comparison table for selected offers and closes it","duration":252.61579999999958,"failureMessages":[],"meta":{},"tags":[]},{"ancestorTitles":["ComparisonClient incremental results"],"fullName":"ComparisonClient incremental results traps filter focus, closes on Escape, and restores focus to its trigger","status":"passed","title":"traps filter focus, closes on Escape, and restores focus to its trigger","duration":183.15120000000024,"failureMessages":[],"meta":{},"tags":[]},{"ancestorTitles":["ComparisonClient incremental results"],"fullName":"ComparisonClient incremental results traps outbound focus, closes on Escape, and restores focus to the quote trigger","status":"passed","title":"traps outbound focus, closes on Escape, and restores focus to the quote trigger","duration":207.4806000000026,"failureMessages":[],"meta":{},"tags":[]}],"startTime":1786888642603,"endTime":1786888645736.4807,"status":"passed","message":"","name":"D:/Codex-chat/xingyu-travel/.worktrees/xingyu-public-mvp/tests/component/comparison-client.test.tsx"},{"assertionResults":[{"ancestorTitles":["ConvertToTrip"],"fullName":"ConvertToTrip opens a complete review before saving any draft","status":"passed","title":"opens a complete review before saving any draft","duration":392.31000000000495,"failureMessages":[],"meta":{},"tags":[]},{"ancestorTitles":["ConvertToTrip"],"fullName":"ConvertToTrip closes the review with Escape and restores trigger focus","status":"passed","title":"closes the review with Escape and restores trigger focus","duration":119.29740000000311,"failureMessages":[],"meta":{},"tags":[]},{"ancestorTitles":["ConvertToTrip"],"fullName":"ConvertToTrip saves only on confirmation and navigates to the exact draft destination","status":"passed","title":"saves only on confirmation and navigates to the exact draft destination","duration":131.3718000000008,"failureMessages":[],"meta":{},"tags":[]},{"ancestorTitles":["ConvertToTrip"],"fullName":"ConvertToTrip rehydrates before conversion and preserves seeded drafts in memory and localStorage","status":"passed","title":"rehydrates before conversion and preserves seeded drafts in memory and localStorage","duration":128.81890000000567,"failureMessages":[],"meta":{},"tags":[]},{"ancestorTitles":["ConvertToTrip"],"fullName":"ConvertToTrip blocks conversion after malformed persisted storage and leaves the bytes untouched","status":"passed","title":"blocks conversion after malformed persisted storage and leaves the bytes untouched","duration":73.92809999999736,"failureMessages":[],"meta":{},"tags":[]},{"ancestorTitles":["TripDraftHandoff"],"fullName":"TripDraftHandoff recovers gracefully with a link to the source guide when no local draft exists","status":"passed","title":"recovers gracefully with a link to the source guide when no local draft exists","duration":28.493099999999686,"failureMessages":[],"meta":{},"tags":[]},{"ancestorTitles":["TripDraftHandoff"],"fullName":"TripDraftHandoff shows a neutral state until actual seeded hydration completes, then hands off every saved item","status":"passed","title":"shows a neutral state until actual seeded hydration completes, then hands off every saved item","duration":86.20590000000084,"failureMessages":[],"meta":{},"tags":[]},{"ancestorTitles":["TripDraftHandoff"],"fullName":"TripDraftHandoff shows safe recovery copy when persisted draft hydration fails","status":"passed","title":"shows safe recovery copy when persisted draft hydration fails","duration":20.91820000000007,"failureMessages":[],"meta":{},"tags":[]}],"startTime":1786888638670,"endTime":1786888639652.9182,"status":"passed","message":"","name":"D:/Codex-chat/xingyu-travel/.worktrees/xingyu-public-mvp/tests/component/convert-to-trip.test.tsx"},{"assertionResults":[{"ancestorTitles":[],"fullName":"renders the Xingyu brand promise","status":"passed","title":"renders the Xingyu brand promise","duration":290.78110000000015,"failureMessages":[],"meta":{},"tags":[]},{"ancestorTitles":[],"fullName":"keeps the site banner outside the main content landmark","status":"passed","title":"keeps the site banner outside the main content landmark","duration":38.496399999996356,"failureMessages":[],"meta":{},"tags":[]}],"startTime":1786888643625,"endTime":1786888643953.4963,"status":"passed","message":"","name":"D:/Codex-chat/xingyu-travel/.worktrees/xingyu-public-mvp/tests/component/home-shell.test.tsx"},{"assertionResults":[{"ancestorTitles":["partner matching flow"],"fullName":"partner matching flow keeps public cards browseable and validates every required intent before publishing","status":"passed","title":"keeps public cards browseable and validates every required intent before publishing","duration":522.1127999999953,"failureMessages":[],"meta":{},"tags":[]},{"ancestorTitles":["partner matching flow"],"fullName":"partner matching flow shows exactly three reasons and withholds chat until sandbox mutual approval","status":"passed","title":"shows exactly three reasons and withholds chat until sandbox mutual approval","duration":297.4395000000004,"failureMessages":[],"meta":{},"tags":[]},{"ancestorTitles":["matched chat safety flow"],"fullName":"matched chat safety flow blocks contact details until bilateral consent and warns after permitted send","status":"passed","title":"blocks contact details until bilateral consent and warns after permitted send","duration":924.5697999999975,"failureMessages":[],"meta":{},"tags":[]},{"ancestorTitles":["matched chat safety flow"],"fullName":"matched chat safety flow acknowledges safety controls, surfaces missed check-in, and locks immediately on block","status":"passed","title":"acknowledges safety controls, surfaces missed check-in, and locks immediately on block","duration":499.79869999999937,"failureMessages":[],"meta":{},"tags":[]},{"ancestorTitles":["matched chat safety flow"],"fullName":"matched chat safety flow guards unknown and unmatched chat ids with a locked recovery state","status":"passed","title":"guards unknown and unmatched chat ids with a locked recovery state","duration":11.680099999997765,"failureMessages":[],"meta":{},"tags":[]}],"startTime":1786888641279,"endTime":1786888643534.6802,"status":"passed","message":"","name":"D:/Codex-chat/xingyu-travel/.worktrees/xingyu-public-mvp/tests/component/partner-flow.test.tsx"},{"assertionResults":[{"ancestorTitles":[],"fullName":"exposes the flight search as the selected accessible tab by default","status":"passed","title":"exposes the flight search as the selected accessible tab by default","duration":337.2554000000018,"failureMessages":[],"meta":{},"tags":[]},{"ancestorTitles":[],"fullName":"changes product-specific field labels when a different tab is selected","status":"passed","title":"changes product-specific field labels when a different tab is selected","duration":240.3978999999963,"failureMessages":[],"meta":{},"tags":[]},{"ancestorTitles":[],"fullName":"supports arrow-key movement between search tabs","status":"passed","title":"supports arrow-key movement between search tabs","duration":73.73279999999795,"failureMessages":[],"meta":{},"tags":[]},{"ancestorTitles":[],"fullName":"submits the active product kind and edited destination","status":"passed","title":"submits the active product kind and edited destination","duration":378.8581999999951,"failureMessages":[],"meta":{},"tags":[]},{"ancestorTitles":[],"fullName":"builds the exact encoded comparison route used by default submission","status":"passed","title":"builds the exact encoded comparison route used by default submission","duration":1.5931999999957043,"failureMessages":[],"meta":{},"tags":[]},{"ancestorTitles":[],"fullName":"uses the default submission path to assign the encoded comparison URL","status":"passed","title":"uses the default submission path to assign the encoded comparison URL","duration":75.64779999999882,"failureMessages":[],"meta":{},"tags":[]}],"startTime":1786888641431,"endTime":1786888642538.6477,"status":"passed","message":"","name":"D:/Codex-chat/xingyu-travel/.worktrees/xingyu-public-mvp/tests/component/search-composer.test.tsx"},{"assertionResults":[{"ancestorTitles":[],"fullName":"renders usable primary navigation with the homepage marked current","status":"passed","title":"renders usable primary navigation with the homepage marked current","duration":535.5573000000004,"failureMessages":[],"meta":{},"tags":[]},{"ancestorTitles":[],"fullName":"marks only the matching route as current","status":"passed","title":"marks only the matching route as current","duration":94.36000000000058,"failureMessages":[],"meta":{},"tags":[]}],"startTime":1786888602213,"endTime":1786888602843.36,"status":"passed","message":"","name":"D:/Codex-chat/xingyu-travel/.worktrees/xingyu-public-mvp/tests/component/site-header.test.tsx"},{"assertionResults":[{"ancestorTitles":["FeedControls"],"fullName":"FeedControls lets users switch off recommendations","status":"passed","title":"lets users switch off recommendations","duration":272.5089999999982,"failureMessages":[],"meta":{},"tags":[]},{"ancestorTitles":["FeedControls"],"fullName":"FeedControls lets users inspect and clear their demo interest tags","status":"passed","title":"lets users inspect and clear their demo interest tags","duration":102.85139999999956,"failureMessages":[],"meta":{},"tags":[]},{"ancestorTitles":["FeedControls"],"fullName":"FeedControls states that personalization is off when chronological mode is active, even when tags exist","status":"passed","title":"states that personalization is off when chronological mode is active, even when tags exist","duration":78.30010000000038,"failureMessages":[],"meta":{},"tags":[]},{"ancestorTitles":["FeedControls"],"fullName":"FeedControls clears interests by moving the square feed into chronological mode","status":"passed","title":"clears interests by moving the square feed into chronological mode","duration":272.1074000000008,"failureMessages":[],"meta":{},"tags":[]},{"ancestorTitles":["FeedControls"],"fullName":"FeedControls does not re-enable recommendations after all interests are cleared","status":"passed","title":"does not re-enable recommendations after all interests are cleared","duration":85.69569999999658,"failureMessages":[],"meta":{},"tags":[]}],"startTime":1786888643512,"endTime":1786888644323.6958,"status":"passed","message":"","name":"D:/Codex-chat/xingyu-travel/.worktrees/xingyu-public-mvp/tests/component/square-feed.test.tsx"},{"assertionResults":[{"ancestorTitles":["TripWorkbench"],"fullName":"TripWorkbench accepts the hydrated local draft and renders all five editable itinerary nodes","status":"passed","title":"accepts the hydrated local draft and renders all five editable itinerary nodes","duration":572.2171999999991,"failureMessages":[],"meta":{},"tags":[]},{"ancestorTitles":["TripWorkbench"],"fullName":"TripWorkbench edits dates, budget and an itinerary item with validation","status":"passed","title":"edits dates, budget and an itinerary item with validation","duration":1847.0479999999952,"failureMessages":[],"meta":{},"tags":[]},{"ancestorTitles":["TripWorkbench"],"fullName":"TripWorkbench reorders nodes accessibly and toggles an alternative","status":"passed","title":"reorders nodes accessibly and toggles an alternative","duration":362.69710000000487,"failureMessages":[],"meta":{},"tags":[]},{"ancestorTitles":["TripWorkbench"],"fullName":"TripWorkbench shows three member votes, replacement semantics and consensus","status":"passed","title":"shows three member votes, replacement semantics and consensus","duration":532.0913,"failureMessages":[],"meta":{},"tags":[]},{"ancestorTitles":["TripWorkbench"],"fullName":"TripWorkbench updates the budget aggregate after an item cost edit","status":"passed","title":"updates the budget aggregate after an item cost edit","duration":321.8545000000013,"failureMessages":[],"meta":{},"tags":[]},{"ancestorTitles":["TripWorkbench"],"fullName":"TripWorkbench links to comparison with the current destination, dates and three travelers","status":"passed","title":"links to comparison with the current destination, dates and three travelers","duration":87.45960000000196,"failureMessages":[],"meta":{},"tags":[]},{"ancestorTitles":["TripWorkbench"],"fullName":"TripWorkbench publishes only a visible browser-local partner intent","status":"passed","title":"publishes only a visible browser-local partner intent","duration":226.03910000000178,"failureMessages":[],"meta":{},"tags":[]},{"ancestorTitles":["TripWorkbench"],"fullName":"TripWorkbench requires explicit guardian consent and can turn the local demo off again","status":"passed","title":"requires explicit guardian consent and can turn the local demo off again","duration":380.68420000000333,"failureMessages":[],"meta":{},"tags":[]},{"ancestorTitles":["TripWorkbench"],"fullName":"TripWorkbench resets guardian consent through close, Escape and cancel before restoring trigger focus","status":"passed","title":"resets guardian consent through close, Escape and cancel before restoring trigger focus","duration":652.0227000000014,"failureMessages":[],"meta":{},"tags":[]},{"ancestorTitles":["TripWorkbench"],"fullName":"TripWorkbench renders and edits an accepted workbench when legacy draft hydration fails","status":"passed","title":"renders and edits an accepted workbench when legacy draft hydration fails","duration":408.7753999999986,"failureMessages":[],"meta":{},"tags":[]},{"ancestorTitles":["TripWorkbench"],"fullName":"TripWorkbench recovers without crashing or overwriting valid JSON with malformed workbench structure","status":"passed","title":"recovers without crashing or overwriting valid JSON with malformed workbench structure","duration":25.21179999999731,"failureMessages":[],"meta":{},"tags":[]},{"ancestorTitles":["TripWorkbench"],"fullName":"TripWorkbench keeps loading and recovery states stable around draft hydration","status":"passed","title":"keeps loading and recovery states stable around draft hydration","duration":19.504899999999907,"failureMessages":[],"meta":{},"tags":[]}],"startTime":1786888636643,"endTime":1786888642079.505,"status":"passed","message":"","name":"D:/Codex-chat/xingyu-travel/.worktrees/xingyu-public-mvp/tests/component/trip-workbench.test.tsx"},{"assertionResults":[{"ancestorTitles":[],"fullName":"ships every visible branded image as a real local asset","status":"passed","title":"ships every visible branded image as a real local asset","duration":7.539199999999255,"failureMessages":[],"meta":{},"tags":[]}],"startTime":1786888611408,"endTime":1786888611415.5393,"status":"passed","message":"","name":"D:/Codex-chat/xingyu-travel/.worktrees/xingyu-public-mvp/tests/unit/assets.test.ts"},{"assertionResults":[{"ancestorTitles":["assistantResponseSchema"],"fullName":"assistantResponseSchema accepts a complete structured response","status":"passed","title":"accepts a complete structured response","duration":12.786000000000058,"failureMessages":[],"meta":{},"tags":[]},{"ancestorTitles":["assistantResponseSchema"],"fullName":"assistantResponseSchema rejects a response missing required field risk_level","status":"passed","title":"rejects a response missing required field risk_level","duration":3.028200000000652,"failureMessages":[],"meta":{},"tags":[]},{"ancestorTitles":["assistantResponseSchema"],"fullName":"assistantResponseSchema rejects a response missing required field answer","status":"passed","title":"rejects a response missing required field answer","duration":1.1487000000015541,"failureMessages":[],"meta":{},"tags":[]},{"ancestorTitles":["assistantResponseSchema"],"fullName":"assistantResponseSchema rejects a response missing required field alternatives","status":"passed","title":"rejects a response missing required field alternatives","duration":0.8972999999969034,"failureMessages":[],"meta":{},"tags":[]},{"ancestorTitles":["assistantResponseSchema"],"fullName":"assistantResponseSchema rejects a response missing required field evidence","status":"passed","title":"rejects a response missing required field evidence","duration":0.7768000000032771,"failureMessages":[],"meta":{},"tags":[]},{"ancestorTitles":["assistantResponseSchema"],"fullName":"assistantResponseSchema rejects a response missing required field data_freshness","status":"passed","title":"rejects a response missing required field data_freshness","duration":0.5452000000004773,"failureMessages":[],"meta":{},"tags":[]},{"ancestorTitles":["assistantResponseSchema"],"fullName":"assistantResponseSchema rejects a response missing required field requires_human_help","status":"passed","title":"rejects a response missing required field requires_human_help","duration":0.5382000000026892,"failureMessages":[],"meta":{},"tags":[]},{"ancestorTitles":["assistantResponseSchema"],"fullName":"assistantResponseSchema rejects a response missing required field demo_mode","status":"passed","title":"rejects a response missing required field demo_mode","duration":0.4602999999988242,"failureMessages":[],"meta":{},"tags":[]},{"ancestorTitles":["assistantResponseSchema"],"fullName":"assistantResponseSchema rejects an alternative missing required actions","status":"passed","title":"rejects an alternative missing required actions","duration":1.4948000000003958,"failureMessages":[],"meta":{},"tags":[]},{"ancestorTitles":["assistantResponseSchema"],"fullName":"assistantResponseSchema rejects evidence missing its observation timestamp","status":"passed","title":"rejects evidence missing its observation timestamp","duration":1.2317000000002736,"failureMessages":[],"meta":{},"tags":[]},{"ancestorTitles":["MockAssistantProvider"],"fullName":"MockAssistantProvider returns a deterministic response identified as sandbox data","status":"passed","title":"returns a deterministic response identified as sandbox data","duration":1.4241999999976542,"failureMessages":[],"meta":{},"tags":[]}],"startTime":1786888602896,"endTime":1786888602922.4243,"status":"passed","message":"","name":"D:/Codex-chat/xingyu-travel/.worktrees/xingyu-public-mvp/tests/unit/assistant-schema.test.ts"},{"assertionResults":[{"ancestorTitles":[],"fullName":"normalizes repeated comparison params deterministically using the first value","status":"passed","title":"normalizes repeated comparison params deterministically using the first value","duration":6.248700000000099,"failureMessages":[],"meta":{},"tags":[]},{"ancestorTitles":[],"fullName":"falls back safely when repeated values begin with an invalid value","status":"passed","title":"falls back safely when repeated values begin with an invalid value","duration":0.678699999998571,"failureMessages":[],"meta":{},"tags":[]}],"startTime":1786888611440,"endTime":1786888611446.6787,"status":"passed","message":"","name":"D:/Codex-chat/xingyu-travel/.worktrees/xingyu-public-mvp/tests/unit/comparison-search-params.test.ts"},{"assertionResults":[{"ancestorTitles":["extractTripDraft"],"fullName":"extractTripDraft extracts a reviewable itinerary draft from a guide","status":"passed","title":"extracts a reviewable itinerary draft from a guide","duration":10.975699999999051,"failureMessages":[],"meta":{},"tags":[]},{"ancestorTitles":["extractTripDraft"],"fullName":"extractTripDraft orders recommended posts by active interests rather than timestamp alone","status":"passed","title":"orders recommended posts by active interests rather than timestamp alone","duration":1.6853999999984808,"failureMessages":[],"meta":{},"tags":[]},{"ancestorTitles":["extractTripDraft"],"fullName":"extractTripDraft keeps every published guide convertible for each declared day","status":"passed","title":"keeps every published guide convertible for each declared day","duration":2.857900000002701,"failureMessages":[],"meta":{},"tags":[]}],"startTime":1786888604288,"endTime":1786888604303.858,"status":"passed","message":"","name":"D:/Codex-chat/xingyu-travel/.worktrees/xingyu-public-mvp/tests/unit/extract-trip-draft.test.ts"},{"assertionResults":[{"ancestorTitles":["normalizeOffer"],"fullName":"normalizeOffer sorts by comparable total instead of bare price","status":"passed","title":"sorts by comparable total instead of bare price","duration":5.359700000000885,"failureMessages":[],"meta":{},"tags":[]},{"ancestorTitles":["normalizeOffer"],"fullName":"normalizeOffer treats omitted taxes and mandatory fees as zero","status":"passed","title":"treats omitted taxes and mandatory fees as zero","duration":1.0170999999972992,"failureMessages":[],"meta":{},"tags":[]},{"ancestorTitles":["normalizeOffer"],"fullName":"normalizeOffer rejects invalid 'basePrice' value NaN before price arithmetic","status":"passed","title":"rejects invalid 'basePrice' value NaN before price arithmetic","duration":1.8091000000022177,"failureMessages":[],"meta":{},"tags":[]},{"ancestorTitles":["normalizeOffer"],"fullName":"normalizeOffer rejects invalid 'basePrice' value Infinity before price arithmetic","status":"passed","title":"rejects invalid 'basePrice' value Infinity before price arithmetic","duration":1.021600000000035,"failureMessages":[],"meta":{},"tags":[]},{"ancestorTitles":["normalizeOffer"],"fullName":"normalizeOffer rejects invalid 'basePrice' value -Infinity before price arithmetic","status":"passed","title":"rejects invalid 'basePrice' value -Infinity before price arithmetic","duration":0.8247000000010303,"failureMessages":[],"meta":{},"tags":[]},{"ancestorTitles":["normalizeOffer"],"fullName":"normalizeOffer rejects invalid 'basePrice' value -1 before price arithmetic","status":"passed","title":"rejects invalid 'basePrice' value -1 before price arithmetic","duration":0.5478000000002794,"failureMessages":[],"meta":{},"tags":[]},{"ancestorTitles":["normalizeOffer"],"fullName":"normalizeOffer rejects invalid 'taxes' value NaN before price arithmetic","status":"passed","title":"rejects invalid 'taxes' value NaN before price arithmetic","duration":0.630300000000716,"failureMessages":[],"meta":{},"tags":[]},{"ancestorTitles":["normalizeOffer"],"fullName":"normalizeOffer rejects invalid 'taxes' value Infinity before price arithmetic","status":"passed","title":"rejects invalid 'taxes' value Infinity before price arithmetic","duration":0.6009000000012747,"failureMessages":[],"meta":{},"tags":[]},{"ancestorTitles":["normalizeOffer"],"fullName":"normalizeOffer rejects invalid 'taxes' value -Infinity before price arithmetic","status":"passed","title":"rejects invalid 'taxes' value -Infinity before price arithmetic","duration":1.3001000000003842,"failureMessages":[],"meta":{},"tags":[]},{"ancestorTitles":["normalizeOffer"],"fullName":"normalizeOffer rejects invalid 'taxes' value -1 before price arithmetic","status":"passed","title":"rejects invalid 'taxes' value -1 before price arithmetic","duration":0.7897000000011758,"failureMessages":[],"meta":{},"tags":[]},{"ancestorTitles":["normalizeOffer"],"fullName":"normalizeOffer rejects invalid 'mandatoryFees' value NaN before price arithmetic","status":"passed","title":"rejects invalid 'mandatoryFees' value NaN before price arithmetic","duration":1.0247000000017579,"failureMessages":[],"meta":{},"tags":[]},{"ancestorTitles":["normalizeOffer"],"fullName":"normalizeOffer rejects invalid 'mandatoryFees' value Infinity before price arithmetic","status":"passed","title":"rejects invalid 'mandatoryFees' value Infinity before price arithmetic","duration":0.6200000000026193,"failureMessages":[],"meta":{},"tags":[]},{"ancestorTitles":["normalizeOffer"],"fullName":"normalizeOffer rejects invalid 'mandatoryFees' value -Infinity before price arithmetic","status":"passed","title":"rejects invalid 'mandatoryFees' value -Infinity before price arithmetic","duration":0.6783999999970547,"failureMessages":[],"meta":{},"tags":[]},{"ancestorTitles":["normalizeOffer"],"fullName":"normalizeOffer rejects invalid 'mandatoryFees' value -1 before price arithmetic","status":"passed","title":"rejects invalid 'mandatoryFees' value -1 before price arithmetic","duration":0.5131000000001222,"failureMessages":[],"meta":{},"tags":[]},{"ancestorTitles":["normalizeOffer"],"fullName":"normalizeOffer rejects a comparable total that overflows finite price components","status":"passed","title":"rejects a comparable total that overflows finite price components","duration":0.6952000000019325,"failureMessages":[],"meta":{},"tags":[]},{"ancestorTitles":["MockInventoryProvider"],"fullName":"MockInventoryProvider returns only fixed sandbox offers that match the search","status":"passed","title":"returns only fixed sandbox offers that match the search","duration":4.061900000000605,"failureMessages":[],"meta":{},"tags":[]},{"ancestorTitles":["MockInventoryProvider"],"fullName":"MockInventoryProvider supports attraction tickets as an offer kind","status":"passed","title":"supports attraction tickets as an offer kind","duration":0.8924999999981083,"failureMessages":[],"meta":{},"tags":[]},{"ancestorTitles":["MockInventoryProvider"],"fullName":"MockInventoryProvider exposes an explicit fixed sandbox attraction-ticket record","status":"passed","title":"exposes an explicit fixed sandbox attraction-ticket record","duration":1.000899999999092,"failureMessages":[],"meta":{},"tags":[]},{"ancestorTitles":["MockInventoryProvider"],"fullName":"MockInventoryProvider searches fixed sandbox attraction tickets by destination and kind","status":"passed","title":"searches fixed sandbox attraction tickets by destination and kind","duration":2.163700000000972,"failureMessages":[],"meta":{},"tags":[]},{"ancestorTitles":["MockInventoryProvider"],"fullName":"MockInventoryProvider joins a supplier run to the matching provider when local offer ids collide","status":"passed","title":"joins a supplier run to the matching provider when local offer ids collide","duration":1.737700000001496,"failureMessages":[],"meta":{},"tags":[]}],"startTime":1786888604324,"endTime":1786888604352.7378,"status":"passed","message":"","name":"D:/Codex-chat/xingyu-travel/.worktrees/xingyu-public-mvp/tests/unit/normalize-offer.test.ts"},{"assertionResults":[{"ancestorTitles":[],"fullName":"keeps delimiter-bearing provider and offer id pairs collision-free","status":"passed","title":"keeps delimiter-bearing provider and offer id pairs collision-free","duration":6.108599999999569,"failureMessages":[],"meta":{},"tags":[]}],"startTime":1786888611441,"endTime":1786888611447.1086,"status":"passed","message":"","name":"D:/Codex-chat/xingyu-travel/.worktrees/xingyu-public-mvp/tests/unit/offer-identity.test.ts"},{"assertionResults":[{"ancestorTitles":["partner eligibility"],"fullName":"partner eligibility blocks ineligible partner actions with a deterministic code","status":"passed","title":"blocks ineligible partner actions with a deterministic code","duration":7.27809999999954,"failureMessages":[],"meta":{},"tags":[]},{"ancestorTitles":["partner eligibility"],"fullName":"partner eligibility blocks ineligible partner actions with a deterministic code","status":"passed","title":"blocks ineligible partner actions with a deterministic code","duration":0.971400000002177,"failureMessages":[],"meta":{},"tags":[]},{"ancestorTitles":["partner eligibility"],"fullName":"partner eligibility blocks ineligible partner actions with a deterministic code","status":"passed","title":"blocks ineligible partner actions with a deterministic code","duration":1.0943000000006577,"failureMessages":[],"meta":{},"tags":[]},{"ancestorTitles":["partner eligibility"],"fullName":"partner eligibility allows a clear, identity-verified adult without collecting identity artifacts","status":"passed","title":"allows a clear, identity-verified adult without collecting identity artifacts","duration":2.966499999998632,"failureMessages":[],"meta":{},"tags":[]},{"ancestorTitles":["partner intent and hard filters"],"fullName":"partner intent and hard filters requires every intent field and a valid date, budget, interest, and capacity","status":"passed","title":"requires every intent field and a valid date, budget, interest, and capacity","duration":2.264500000001135,"failureMessages":[],"meta":{},"tags":[]},{"ancestorTitles":["partner intent and hard filters"],"fullName":"partner intent and hard filters filters destination, date, capacity, certification, blocked relations, and candidate risk","status":"passed","title":"filters destination, date, capacity, certification, blocked relations, and candidate risk","duration":1.6344000000026426,"failureMessages":[],"meta":{},"tags":[]},{"ancestorTitles":["partner intent and hard filters"],"fullName":"partner intent and hard filters keeps the approved candidate at 92 with exactly three understandable shared-model reasons","status":"passed","title":"keeps the approved candidate at 92 with exactly three understandable shared-model reasons","duration":2.29399999999805,"failureMessages":[],"meta":{},"tags":[]},{"ancestorTitles":["partner match and chat state"],"fullName":"partner match and chat state gates publish and match, then allows only pending_mutual to advance to matched","status":"passed","title":"gates publish and match, then allows only pending_mutual to advance to matched","duration":6.696899999999005,"failureMessages":[],"meta":{},"tags":[]},{"ancestorTitles":["partner match and chat state"],"fullName":"partner match and chat state blocks contact details until each side consents, then sends with a warning","status":"passed","title":"blocks contact details until each side consents, then sends with a warning","duration":4.991300000001502,"failureMessages":[],"meta":{},"tags":[]},{"ancestorTitles":["partner match and chat state"],"fullName":"partner match and chat state locks matches immediately after block or report and records check-in safety state","status":"passed","title":"locks matches immediately after block or report and records check-in safety state","duration":7.436299999997573,"failureMessages":[],"meta":{},"tags":[]},{"ancestorTitles":["partner match and chat state"],"fullName":"partner match and chat state rejects malformed persisted matches without overwriting the unsafe bytes","status":"passed","title":"rejects malformed persisted matches without overwriting the unsafe bytes","duration":11.783299999999144,"failureMessages":[],"meta":{},"tags":[]}],"startTime":1786888603443,"endTime":1786888603494.7832,"status":"passed","message":"","name":"D:/Codex-chat/xingyu-travel/.worktrees/xingyu-public-mvp/tests/unit/partner-eligibility.test.ts"},{"assertionResults":[{"ancestorTitles":["comparison search route"],"fullName":"comparison search route returns 202 with a stable traceable search id and a unique request id","status":"passed","title":"returns 202 with a stable traceable search id and a unique request id","duration":28.41110000000117,"failureMessages":[],"meta":{},"tags":[]},{"ancestorTitles":["comparison search route"],"fullName":"comparison search route returns the unified JSON error contract for malformed JSON","status":"passed","title":"returns the unified JSON error contract for malformed JSON","duration":5.729199999997945,"failureMessages":[],"meta":{},"tags":[]},{"ancestorTitles":["comparison search route"],"fullName":"comparison search route returns the unified JSON error contract for an unsupported product kind","status":"passed","title":"returns the unified JSON error contract for an unsupported product kind","duration":4.67870000000039,"failureMessages":[],"meta":{},"tags":[]},{"ancestorTitles":["comparison search route"],"fullName":"comparison search route returns the unified JSON error contract for an empty destination","status":"passed","title":"returns the unified JSON error contract for an empty destination","duration":5.711800000000949,"failureMessages":[],"meta":{},"tags":[]},{"ancestorTitles":["comparison search route"],"fullName":"comparison search route returns the unified JSON error contract for an invalid traveler count","status":"passed","title":"returns the unified JSON error contract for an invalid traveler count","duration":4.035800000001473,"failureMessages":[],"meta":{},"tags":[]},{"ancestorTitles":["comparison search route"],"fullName":"comparison search route returns the unified JSON error contract for a non-existent calendar date","status":"passed","title":"returns the unified JSON error contract for a non-existent calendar date","duration":2.321699999996781,"failureMessages":[],"meta":{},"tags":[]},{"ancestorTitles":["comparison search route"],"fullName":"comparison search route returns the unified JSON error contract for a reversed date range","status":"passed","title":"returns the unified JSON error contract for a reversed date range","duration":4.818799999997282,"failureMessages":[],"meta":{},"tags":[]},{"ancestorTitles":["comparison search route"],"fullName":"comparison search route returns the unified JSON error contract for too many travelers","status":"passed","title":"returns the unified JSON error contract for too many travelers","duration":2.7648000000008324,"failureMessages":[],"meta":{},"tags":[]},{"ancestorTitles":["comparison search route"],"fullName":"comparison search route returns the unified JSON error contract for an oversized destination","status":"passed","title":"returns the unified JSON error contract for an oversized destination","duration":2.752100000001519,"failureMessages":[],"meta":{},"tags":[]},{"ancestorTitles":["comparison search route"],"fullName":"comparison search route trims bounded location inputs before creating the stable token","status":"passed","title":"trims bounded location inputs before creating the stable token","duration":11.429199999998673,"failureMessages":[],"meta":{},"tags":[]},{"ancestorTitles":["comparison quote stream"],"fullName":"comparison quote stream frames an event as valid UTF-8 server-sent event data","status":"passed","title":"frames an event as valid UTF-8 server-sent event data","duration":0.7746999999981199,"failureMessages":[],"meta":{},"tags":[]},{"ancestorTitles":["comparison quote stream"],"fullName":"comparison quote stream streams deterministic sandbox offers, degradation, and completion with SSE headers","status":"passed","title":"streams deterministic sandbox offers, degradation, and completion with SSE headers","duration":3.319899999998597,"failureMessages":[],"meta":{},"tags":[]},{"ancestorTitles":["comparison quote stream"],"fullName":"comparison quote stream returns a unified not-found response for an unknown search id","status":"passed","title":"returns a unified not-found response for an unknown search id","duration":1.468700000001263,"failureMessages":[],"meta":{},"tags":[]},{"ancestorTitles":["comparison quote stream"],"fullName":"comparison quote stream returns a structured 400 for invalid encoded JSON","status":"passed","title":"returns a structured 400 for invalid encoded JSON","duration":1.4704000000019732,"failureMessages":[],"meta":{},"tags":[]},{"ancestorTitles":["comparison quote stream"],"fullName":"comparison quote stream returns a structured 400 for a stateless reversed date range","status":"passed","title":"returns a structured 400 for a stateless reversed date range","duration":1.9463999999970838,"failureMessages":[],"meta":{},"tags":[]},{"ancestorTitles":["comparison quote stream"],"fullName":"comparison quote stream returns a structured 400 for an oversized stateless token","status":"passed","title":"returns a structured 400 for an oversized stateless token","duration":0.867500000000291,"failureMessages":[],"meta":{},"tags":[]},{"ancestorTitles":["comparison quote stream"],"fullName":"comparison quote stream emits degradation from a recorded ticket supplier failure rather than product kind","status":"passed","title":"emits degradation from a recorded ticket supplier failure rather than product kind","duration":1.924699999999575,"failureMessages":[],"meta":{},"tags":[]},{"ancestorTitles":["comparison quote stream"],"fullName":"comparison quote stream preserves partial offers and always completes after a supplier runner throws","status":"passed","title":"preserves partial offers and always completes after a supplier runner throws","duration":1.673899999997957,"failureMessages":[],"meta":{},"tags":[]}],"startTime":1786888604185,"endTime":1786888604274.6738,"status":"passed","message":"","name":"D:/Codex-chat/xingyu-travel/.worktrees/xingyu-public-mvp/tests/unit/quote-stream.test.ts"},{"assertionResults":[{"ancestorTitles":["scoreMatch"],"fullName":"scoreMatch uses the fixed weighted model and explains the top three reasons","status":"passed","title":"uses the fixed weighted model and explains the top three reasons","duration":8.96360000000277,"failureMessages":[],"meta":{},"tags":[]},{"ancestorTitles":["scoreMatch"],"fullName":"scoreMatch breaks equal-point ties in the published signal order","status":"passed","title":"breaks equal-point ties in the published signal order","duration":1.0368000000016764,"failureMessages":[],"meta":{},"tags":[]},{"ancestorTitles":["scoreMatch"],"fullName":"scoreMatch clamps out-of-range fit signals before scoring","status":"passed","title":"clamps out-of-range fit signals before scoring","duration":1.7839999999996508,"failureMessages":[],"meta":{},"tags":[]},{"ancestorTitles":["scoreMatch"],"fullName":"scoreMatch normalizes non-finite fit signals to zero and returns serializable reasons","status":"passed","title":"normalizes non-finite fit signals to zero and returns serializable reasons","duration":1.8735000000015134,"failureMessages":[],"meta":{},"tags":[]}],"startTime":1786888604296,"endTime":1786888604309.8735,"status":"passed","message":"","name":"D:/Codex-chat/xingyu-travel/.worktrees/xingyu-public-mvp/tests/unit/score-match.test.ts"},{"assertionResults":[{"ancestorTitles":["trip state machine"],"fullName":"trip state machine accepts a reviewed draft and enables guardian only after consent","status":"passed","title":"accepts a reviewed draft and enables guardian only after consent","duration":12.055299999999988,"failureMessages":[],"meta":{},"tags":[]},{"ancestorTitles":["trip state machine"],"fullName":"trip state machine rejects invalid transitions with a stable error","status":"passed","title":"rejects invalid transitions with a stable error","duration":1.3158999999977823,"failureMessages":[],"meta":{},"tags":[]},{"ancestorTitles":["trip editing"],"fullName":"trip editing updates dates, budget, itinerary details and computes a literal overall total","status":"passed","title":"updates dates, budget, itinerary details and computes a literal overall total","duration":3.4817000000002736,"failureMessages":[],"meta":{},"tags":[]},{"ancestorTitles":["trip editing"],"fullName":"trip editing keeps every item when reordering and ignores boundaries","status":"passed","title":"keeps every item when reordering and ignores boundaries","duration":4.021500000002561,"failureMessages":[],"meta":{},"tags":[]},{"ancestorTitles":["trip editing"],"fullName":"trip editing toggles alternatives without removing the itinerary node","status":"passed","title":"toggles alternatives without removing the itinerary node","duration":2.063300000001618,"failureMessages":[],"meta":{},"tags":[]},{"ancestorTitles":["decision room"],"fullName":"decision room gives each demo member one deterministic vote that replaces or toggles off","status":"passed","title":"gives each demo member one deterministic vote that replaces or toggles off","duration":2.035200000002078,"failureMessages":[],"meta":{},"tags":[]},{"ancestorTitles":["draft merge and persistence"],"fullName":"draft merge and persistence merges the same source draft without replacing accepted edits","status":"passed","title":"merges the same source draft without replacing accepted edits","duration":1.2903000000005704,"failureMessages":[],"meta":{},"tags":[]},{"ancestorTitles":["draft merge and persistence"],"fullName":"draft merge and persistence persists only non-sensitive demo state under the required key after hydration","status":"passed","title":"persists only non-sensitive demo state under the required key after hydration","duration":5.061499999999796,"failureMessages":[],"meta":{},"tags":[]},{"ancestorTitles":["draft merge and persistence"],"fullName":"draft merge and persistence rejects structurally malformed persisted state: null trips","status":"passed","title":"rejects structurally malformed persisted state: null trips","duration":5.959100000000035,"failureMessages":[],"meta":{},"tags":[]},{"ancestorTitles":["draft merge and persistence"],"fullName":"draft merge and persistence rejects structurally malformed persisted state: invalid status","status":"passed","title":"rejects structurally malformed persisted state: invalid status","duration":8.332600000001548,"failureMessages":[],"meta":{},"tags":[]},{"ancestorTitles":["draft merge and persistence"],"fullName":"draft merge and persistence rejects structurally malformed persisted state: NaN-like item cost","status":"passed","title":"rejects structurally malformed persisted state: NaN-like item cost","duration":2.614799999999377,"failureMessages":[],"meta":{},"tags":[]},{"ancestorTitles":["draft merge and persistence"],"fullName":"draft merge and persistence rejects structurally malformed persisted state: incomplete item","status":"passed","title":"rejects structurally malformed persisted state: incomplete item","duration":3.06079999999929,"failureMessages":[],"meta":{},"tags":[]},{"ancestorTitles":["draft merge and persistence"],"fullName":"draft merge and persistence validates and migrates a version-zero workbench without losing its safe trip","status":"passed","title":"validates and migrates a version-zero workbench without losing its safe trip","duration":3.4750999999996566,"failureMessages":[],"meta":{},"tags":[]}],"startTime":1786888602915,"endTime":1786888602979.475,"status":"passed","message":"","name":"D:/Codex-chat/xingyu-travel/.worktrees/xingyu-public-mvp/tests/unit/trip-store.test.ts"}]}